0000  COPY    START         0   
0000  A14     STL      A1         17202D
0003          LDB     #A2         69202D
              BASE     A2       
0006  A6     +JSUB     A3         4B101036
000A          LDA      A2         032026
000D          COMP    #0          290000
0010          JEQ      A4         332007
0013         +JSUB     A5         4B10105D
0017          J        A6         3F2FEC
001A  A4      LDA      A7         032010
001D          STA      A8         0F2016
0020          LDA     #3          010003
0023          STA      A2         0F200D
0026         +JSUB     A5         4B10105D
002A          J       @A1         3E2003
002D  A7      OR      #-186       454F46
0030  A1      RESW          1   
0033  A2      RESW          1   
0036  A8      RESB       4096   
1036  A3      CLEAR    X          B410
1038          CLEAR    A          B400
103A          CLEAR    S          B440
103C         +LDT     #4096       75101000
1040  A10     TD       A9         E32019
1043          JEQ      A10        332FFA
1046          RD       A9         DB2013
1049          COMPR    A,S        A004
104B          JEQ      A11        332008
104E          STCH     A8    ,X   57C003
1051          TIXR     T          B850
1053          JLT      A10        3B2FEA
1056  A11     STX      A2         134000
1059          RSUB                4F0000
105C  A9      BYTE     X'24'      F1
105D  A5      CLEAR    X          B410
105F          LDT      A2         774000
1062  A13     TD       A12        E32011
1065          JEQ      A13        332FFA
1068          LDCH     A8    ,X   53C003
106B          WD       A12        DF2008
106E          TIXR     T          B850
1070          JLT      A13        3B2FEF
1073          RSUB                4F0000
1076  A12     BYTE     X'05'      05
              END      A14      
